<?xml version="1.0" encoding="UTF-8"?>
<!-- Generated by org.testng.reporters.JUnitReportReporter -->
<testsuite skipped="0" hostname="KINGTIGER-999" name="testNG.Actitime_login_by_pom" tests="1" failures="0" timestamp="12 Sep 2022 18:59:53 GMT" time="26.509" errors="0">
  <testcase name="login" time="26.509" classname="testNG.Actitime_login_by_pom"/>
</testsuite> <!-- testNG.Actitime_login_by_pom -->
