<?xml version="1.0" encoding="UTF-8"?>
<!-- Generated by org.testng.reporters.JUnitReportReporter -->
<testsuite skipped="0" hostname="KINGTIGER-999" name="property_files.Fetch_value_by_propertyfile" tests="1" failures="0" timestamp="15 Sep 2022 11:36:12 GMT" time="0.041" errors="0">
  <testcase name="state" time="0.041" classname="property_files.Fetch_value_by_propertyfile"/>
</testsuite> <!-- property_files.Fetch_value_by_propertyfile -->
