<?xml version="1.0" encoding="UTF-8"?>
<!-- Generated by org.testng.reporters.JUnitReportReporter -->
<testsuite skipped="0" hostname="KINGTIGER-999" name="testNG.NewTest" tests="2" failures="0" timestamp="06 Sep 2022 12:04:08 GMT" time="0.012" errors="0">
  <testcase name="test2" time="0.002" classname="testNG.NewTest"/>
  <testcase name="test1" time="0.010" classname="testNG.NewTest"/>
</testsuite> <!-- testNG.NewTest -->
