<?xml version="1.0" encoding="UTF-8"?>
<!-- Generated by org.testng.reporters.JUnitReportReporter -->
<testsuite skipped="0" hostname="KINGTIGER-999" name="testNG.Newtest2" tests="2" failures="0" timestamp="06 Sep 2022 12:04:08 GMT" time="0.006" errors="0">
  <testcase name="test2" time="0.004" classname="testNG.Newtest2"/>
  <testcase name="test1" time="0.002" classname="testNG.Newtest2"/>
</testsuite> <!-- testNG.Newtest2 -->
