<?xml version="1.0" encoding="UTF-8"?>
<!-- Generated by org.testng.reporters.JUnitReportReporter -->
<testsuite skipped="0" hostname="KINGTIGER-999" name="testNG.SamescriptMultipleTimes_invocationCount" tests="4" failures="0" timestamp="09 Sep 2022 06:23:48 GMT" time="0.019" errors="0">
  <testcase name="test2" time="0.014" classname="testNG.SamescriptMultipleTimes_invocationCount"/>
  <testcase name="test1" time="0.003" classname="testNG.SamescriptMultipleTimes_invocationCount"/>
  <testcase name="test1" time="0.001" classname="testNG.SamescriptMultipleTimes_invocationCount"/>
  <testcase name="test1" time="0.001" classname="testNG.SamescriptMultipleTimes_invocationCount"/>
</testsuite> <!-- testNG.SamescriptMultipleTimes_invocationCount -->
