<?xml version="1.0" encoding="UTF-8"?>
<!-- Generated by org.testng.reporters.JUnitReportReporter -->
<testsuite skipped="0" hostname="KINGTIGER-999" name="parallel_Execution.Parallel" tests="2" failures="0" timestamp="15 Sep 2022 18:26:08 GMT" time="80.671" errors="0">
  <testcase name="execute" time="65.839" classname="parallel_Execution.Parallel"/>
  <testcase name="execute" time="14.832" classname="parallel_Execution.Parallel"/>
</testsuite> <!-- parallel_Execution.Parallel -->
