<?xml version="1.0" encoding="UTF-8"?>
<!-- Generated by org.testng.reporters.JUnitReportReporter -->
<testsuite skipped="0" hostname="KINGTIGER-999" name="testNG.Handling_state_element_reference_exception" tests="1" failures="0" timestamp="12 Sep 2022 19:12:07 GMT" time="12.705" errors="0">
  <testcase name="loginBtn" time="12.705" classname="testNG.Handling_state_element_reference_exception"/>
</testsuite> <!-- testNG.Handling_state_element_reference_exception -->
