<?xml version="1.0" encoding="UTF-8"?>
<!-- Generated by org.testng.reporters.JUnitReportReporter -->
<testsuite skipped="0" hostname="KINGTIGER-999" name="jDBC.Databaseconeectivity" tests="1" failures="0" timestamp="18 Sep 2022 16:33:46 GMT" time="0.781" errors="0">
  <testcase name="script" time="0.781" classname="jDBC.Databaseconeectivity"/>
</testsuite> <!-- jDBC.Databaseconeectivity -->
