<?xml version="1.0" encoding="UTF-8"?>
<!-- Generated by org.testng.reporters.JUnitReportReporter -->
<testsuite skipped="0" hostname="KINGTIGER-999" name="testNG.Priority" tests="2" failures="0" timestamp="09 Sep 2022 06:09:49 GMT" time="0.010" errors="0">
  <testcase name="test2" time="0.009" classname="testNG.Priority"/>
  <testcase name="test1" time="0.001" classname="testNG.Priority"/>
</testsuite> <!-- testNG.Priority -->
